Added Component: Designator=C38(CCNP1608-0603)
Add component (AddParameter): Name = "Class"; Value = "Passive"; VariantName = "[No Variations]"
Add component (AddParameter): Name = "Digikey"; Value = ""; VariantName = "[No Variations]"
Add component (AddParameter): Name = "Farnell PN"; Value = ""; VariantName = "[No Variations]"
Add component (AddParameter): Name = "LCSC"; Value = "C14663"; VariantName = "[No Variations]"
Add component (AddParameter): Name = "Manufacturer"; Value = "Generic Components"; VariantName = "[No Variations]"
Add component (AddParameter): Name = "Published"; Value = "08/06/2000"; VariantName = "[No Variations]"
Add component (AddParameter): Name = "Publisher"; Value = "Altium Hobart Technology Centre"; VariantName = "[No Variations]"
Add component (AddParameter): Name = "SubClass"; Value = "Capacitor"; VariantName = "[No Variations]"
Add component (AddParameter): Name = "Value"; Value = "100nF"; VariantName = "[No Variations]"
Added Component: Designator=C39(CCNP1608-0603)
Add component (AddParameter): Name = "Class"; Value = "Passive"; VariantName = "[No Variations]"
Add component (AddParameter): Name = "Digikey"; Value = ""; VariantName = "[No Variations]"
Add component (AddParameter): Name = "Farnell PN"; Value = ""; VariantName = "[No Variations]"
Add component (AddParameter): Name = "LCSC"; Value = "C14663"; VariantName = "[No Variations]"
Add component (AddParameter): Name = "Manufacturer"; Value = "Generic Components"; VariantName = "[No Variations]"
Add component (AddParameter): Name = "Published"; Value = "08/06/2000"; VariantName = "[No Variations]"
Add component (AddParameter): Name = "Publisher"; Value = "Altium Hobart Technology Centre"; VariantName = "[No Variations]"
Add component (AddParameter): Name = "SubClass"; Value = "Capacitor"; VariantName = "[No Variations]"
Add component (AddParameter): Name = "Value"; Value = "100nF"; VariantName = "[No Variations]"
Added Component: Designator=Q22(SO-8_M)
Add component (AddParameter): Name = "Channel Type"; Value = "P-Channel"; VariantName = "[No Variations]"
Add component (AddParameter): Name = "Datasheet URL"; Value = "https://www.fairchildsemi.com/datasheets/FD/FDS4675.pdf"; VariantName = "[No Variations]"
Add component (AddParameter): Name = "Datasheet Version"; Value = "Rev. C(W), 02/2001"; VariantName = "[No Variations]"
Add component (AddParameter): Name = "Drain-Source On Resistance-Max"; Value = "13mO"; VariantName = "[No Variations]"
Add component (AddParameter): Name = "Drain-to-Source Voltage [Vdss]"; Value = "40V"; VariantName = "[No Variations]"
Add component (AddParameter): Name = "Manufacturer"; Value = "Fairchild Semiconductor"; VariantName = "[No Variations]"
Add component (AddParameter): Name = "Manufacturer URL"; Value = "https://www.fairchildsemi.com/"; VariantName = "[No Variations]"
Add component (AddParameter): Name = "Mounting Technology"; Value = "SurfaceMount"; VariantName = "[No Variations]"
Add component (AddParameter): Name = "Package Description"; Value = "8-Pin Small Outline Integrated Circuit, Body 4.9 x 3.9 mm, Pitch 1.27 mm"; VariantName = "[No Variations]"
Add component (AddParameter): Name = "Package Reference"; Value = "SO-8"; VariantName = "[No Variations]"
Add component (AddParameter): Name = "Package URL"; Value = "https://www.fairchildsemi.com/package-drawings/M0/M08A.pdf"; VariantName = "[No Variations]"
Add component (AddParameter): Name = "Package Version"; Value = "Rev. 16, 08/2015"; VariantName = "[No Variations]"
Add component (AddParameter): Name = "Qg Gate Charge"; Value = "56nC"; VariantName = "[No Variations]"
Add component (AddParameter): Name = "Rated Power Dissipation"; Value = "2.4W"; VariantName = "[No Variations]"
Add component (AddParameter): Name = "Temperature"; Value = "25"; VariantName = "[No Variations]"
Added Component: Designator=Q23(SO-8_M)
Add component (AddParameter): Name = "Channel Type"; Value = "P-Channel"; VariantName = "[No Variations]"
Add component (AddParameter): Name = "Datasheet URL"; Value = "https://www.fairchildsemi.com/datasheets/FD/FDS4675.pdf"; VariantName = "[No Variations]"
Add component (AddParameter): Name = "Datasheet Version"; Value = "Rev. C(W), 02/2001"; VariantName = "[No Variations]"
Add component (AddParameter): Name = "Drain-Source On Resistance-Max"; Value = "13mO"; VariantName = "[No Variations]"
Add component (AddParameter): Name = "Drain-to-Source Voltage [Vdss]"; Value = "40V"; VariantName = "[No Variations]"
Add component (AddParameter): Name = "Manufacturer"; Value = "Fairchild Semiconductor"; VariantName = "[No Variations]"
Add component (AddParameter): Name = "Manufacturer URL"; Value = "https://www.fairchildsemi.com/"; VariantName = "[No Variations]"
Add component (AddParameter): Name = "Mounting Technology"; Value = "SurfaceMount"; VariantName = "[No Variations]"
Add component (AddParameter): Name = "Package Description"; Value = "8-Pin Small Outline Integrated Circuit, Body 4.9 x 3.9 mm, Pitch 1.27 mm"; VariantName = "[No Variations]"
Add component (AddParameter): Name = "Package Reference"; Value = "SO-8"; VariantName = "[No Variations]"
Add component (AddParameter): Name = "Package URL"; Value = "https://www.fairchildsemi.com/package-drawings/M0/M08A.pdf"; VariantName = "[No Variations]"
Add component (AddParameter): Name = "Package Version"; Value = "Rev. 16, 08/2015"; VariantName = "[No Variations]"
Add component (AddParameter): Name = "Qg Gate Charge"; Value = "56nC"; VariantName = "[No Variations]"
Add component (AddParameter): Name = "Rated Power Dissipation"; Value = "2.4W"; VariantName = "[No Variations]"
Add component (AddParameter): Name = "Temperature"; Value = "25"; VariantName = "[No Variations]"
Added Component: Designator=Q24(SOT457_N)
Add component (AddParameter): Name = "Farnell PN"; Value = "1680329"; VariantName = "[No Variations]"
Add component (AddParameter): Name = "LCSC"; Value = ""; VariantName = "[No Variations]"
Added Component: Designator=Q25(SOT457_N)
Add component (AddParameter): Name = "Farnell PN"; Value = "1680329"; VariantName = "[No Variations]"
Add component (AddParameter): Name = "LCSC"; Value = ""; VariantName = "[No Variations]"
Added Component: Designator=R72(CR1608-0603_N)
Add component (AddParameter): Name = "Class"; Value = "Passive"; VariantName = "[No Variations]"
Add component (AddParameter): Name = "Digikey"; Value = ""; VariantName = "[No Variations]"
Add component (AddParameter): Name = "Farnell PN"; Value = ""; VariantName = "[No Variations]"
Add component (AddParameter): Name = "LCSC"; Value = "C23162"; VariantName = "[No Variations]"
Add component (AddParameter): Name = "Manufacturer"; Value = "Generic Components"; VariantName = "[No Variations]"
Add component (AddParameter): Name = "Published"; Value = "08/06/2000"; VariantName = "[No Variations]"
Add component (AddParameter): Name = "Publisher"; Value = "Altium Hobart Technology Centre"; VariantName = "[No Variations]"
Add component (AddParameter): Name = "SubClass"; Value = "Resistor"; VariantName = "[No Variations]"
Add component (AddParameter): Name = "Value"; Value = "4k7"; VariantName = "[No Variations]"
Added Component: Designator=R73(CR1608-0603_N)
Add component (AddParameter): Name = "Class"; Value = "Passive"; VariantName = "[No Variations]"
Add component (AddParameter): Name = "Digikey"; Value = ""; VariantName = "[No Variations]"
Add component (AddParameter): Name = "Farnell PN"; Value = ""; VariantName = "[No Variations]"
Add component (AddParameter): Name = "LCSC"; Value = "C23162"; VariantName = "[No Variations]"
Add component (AddParameter): Name = "Manufacturer"; Value = "Generic Components"; VariantName = "[No Variations]"
Add component (AddParameter): Name = "Published"; Value = "08/06/2000"; VariantName = "[No Variations]"
Add component (AddParameter): Name = "Publisher"; Value = "Altium Hobart Technology Centre"; VariantName = "[No Variations]"
Add component (AddParameter): Name = "SubClass"; Value = "Resistor"; VariantName = "[No Variations]"
Add component (AddParameter): Name = "Value"; Value = "4k7"; VariantName = "[No Variations]"
Added Component: Designator=R74(CR1608-0603_N)
Add component (AddParameter): Name = "Class"; Value = "Passive"; VariantName = "[No Variations]"
Add component (AddParameter): Name = "Digikey"; Value = ""; VariantName = "[No Variations]"
Add component (AddParameter): Name = "Farnell PN"; Value = ""; VariantName = "[No Variations]"
Add component (AddParameter): Name = "LCSC"; Value = "C23162"; VariantName = "[No Variations]"
Add component (AddParameter): Name = "Manufacturer"; Value = "Generic Components"; VariantName = "[No Variations]"
Add component (AddParameter): Name = "Published"; Value = "08/06/2000"; VariantName = "[No Variations]"
Add component (AddParameter): Name = "Publisher"; Value = "Altium Hobart Technology Centre"; VariantName = "[No Variations]"
Add component (AddParameter): Name = "SubClass"; Value = "Resistor"; VariantName = "[No Variations]"
Add component (AddParameter): Name = "Value"; Value = "4k7"; VariantName = "[No Variations]"
Added Component: Designator=R75(CR1608-0603_N)
Add component (AddParameter): Name = "Class"; Value = "Passive"; VariantName = "[No Variations]"
Add component (AddParameter): Name = "Digikey"; Value = ""; VariantName = "[No Variations]"
Add component (AddParameter): Name = "Farnell PN"; Value = ""; VariantName = "[No Variations]"
Add component (AddParameter): Name = "LCSC"; Value = "C23162"; VariantName = "[No Variations]"
Add component (AddParameter): Name = "Manufacturer"; Value = "Generic Components"; VariantName = "[No Variations]"
Add component (AddParameter): Name = "Published"; Value = "08/06/2000"; VariantName = "[No Variations]"
Add component (AddParameter): Name = "Publisher"; Value = "Altium Hobart Technology Centre"; VariantName = "[No Variations]"
Add component (AddParameter): Name = "SubClass"; Value = "Resistor"; VariantName = "[No Variations]"
Add component (AddParameter): Name = "Value"; Value = "4k7"; VariantName = "[No Variations]"
Added Component: Designator=Z11(SOD-323)
Add component (AddParameter): Name = "LCSC"; Value = "C124208"; VariantName = "[No Variations]"
Added Component: Designator=Z12(SOD-323)
Add component (AddParameter): Name = "LCSC"; Value = "C124208"; VariantName = "[No Variations]"
Added Pin To Net: NetName=+3V3_I Pin=C38-1
Added Pin To Net: NetName=GND Pin=C38-2
Added Pin To Net: NetName=-5V Pin=C39-1
Added Pin To Net: NetName=GND Pin=C39-2
Added Pin To Net: NetName=V12 Pin=Q22-1
Added Pin To Net: NetName=V12 Pin=Q22-2
Added Pin To Net: NetName=V12 Pin=Q22-3
Added Pin To Net: NetName=VpCh2 Pin=Q22-5
Added Pin To Net: NetName=VpCh2 Pin=Q22-6
Added Pin To Net: NetName=VpCh2 Pin=Q22-7
Added Pin To Net: NetName=VpCh2 Pin=Q22-8
Added Pin To Net: NetName=V24 Pin=Q23-1
Added Pin To Net: NetName=V24 Pin=Q23-2
Added Pin To Net: NetName=V24 Pin=Q23-3
Added Pin To Net: NetName=VpCh2 Pin=Q23-5
Added Pin To Net: NetName=VpCh2 Pin=Q23-6
Added Pin To Net: NetName=VpCh2 Pin=Q23-7
Added Pin To Net: NetName=VpCh2 Pin=Q23-8
Added Pin To Net: NetName=-5V Pin=Q24-6
Added Pin To Net: NetName=+3V3_I Pin=Q25-3
Added Pin To Net: NetName=-5V Pin=Q25-6
Added Pin To Net: NetName=V24 Pin=R72-2
Added Pin To Net: NetName=V12 Pin=R73-2
Added Pin To Net: NetName=V12 Pin=Z11-K
Added Pin To Net: NetName=V24 Pin=Z12-K
Added Pin To Net: NetName=NetQ22_4 Pin=Q22-4
Added Pin To Net: NetName=NetQ22_4 Pin=R73-1
Added Pin To Net: NetName=NetQ22_4 Pin=R74-2
Added Pin To Net: NetName=NetQ22_4 Pin=Z11-A
Added Net: Name=NetQ22_4
Added Pin To Net: NetName=NetQ23_4 Pin=Q23-4
Added Pin To Net: NetName=NetQ23_4 Pin=R72-1
Added Pin To Net: NetName=NetQ23_4 Pin=R75-2
Added Pin To Net: NetName=NetQ23_4 Pin=Z12-A
Added Net: Name=NetQ23_4
Added Pin To Net: NetName=NetQ24_1 Pin=Q24-1
Added Pin To Net: NetName=NetQ24_1 Pin=R74-1
Added Net: Name=NetQ24_1
Added Pin To Net: NetName=NetQ24_4 Pin=Q24-4
Added Pin To Net: NetName=NetQ24_4 Pin=Q24-5
Added Net: Name=NetQ24_4
Added Pin To Net: NetName=NetQ25_1 Pin=Q25-1
Added Pin To Net: NetName=NetQ25_1 Pin=R75-1
Added Net: Name=NetQ25_1
Added Pin To Net: NetName=NetQ25_4 Pin=Q25-4
Added Pin To Net: NetName=NetQ25_4 Pin=Q25-5
Added Net: Name=NetQ25_4
Added Member To Class: ClassName=SolderingStation_Power Member=Component C38 100nF
Added Member To Class: ClassName=SolderingStation_Power Member=Component C39 100nF
Added Member To Class: ClassName=SolderingStation_Power Member=Component Q22 FDS4675
Added Member To Class: ClassName=SolderingStation_Power Member=Component Q23 FDS4675
Added Member To Class: ClassName=SolderingStation_Power Member=Component Q24 IMD2AT108
Added Member To Class: ClassName=SolderingStation_Power Member=Component Q25 IMD2AT108
Added Member To Class: ClassName=SolderingStation_Power Member=Component R72 4k7
Added Member To Class: ClassName=SolderingStation_Power Member=Component R73 4k7
Added Member To Class: ClassName=SolderingStation_Power Member=Component R74 4k7
Added Member To Class: ClassName=SolderingStation_Power Member=Component R75 4k7
Added Member To Class: ClassName=SolderingStation_Power Member=Component Z11 BZT52C12S-7-F
Added Member To Class: ClassName=SolderingStation_Power Member=Component Z12 BZT52C12S-7-F
